<?xml version="1.0" encoding="UTF-8" standalone="no"?>
<testsuite failures="1" name="cucumber.runtime.formatter.JUnitFormatter" skipped="0" tests="1" time="5.856185">
<testcase classname="Folders" name="Add folder and list" time="5.856185">
<failure message="java.lang.ClassCastException: java.util.HashMap cannot be cast to java.util.List&#10;&#9;at io.restassured.path.json.JsonPath.getList(JsonPath.java:390)&#10;&#9;at helpers.ClickupTaskHelper.getClickupTasks(ClickupTaskHelper.java:22)&#10;&#9;at stepdefinitions.StepDefinition.verifyThatAllNecessaryTasksAreCreated(StepDefinition.java:103)&#10;&#9;at ✽.Verify that all necessary tasks are created(src/test/resources/features/addFolder.feature:32)&#10;"><![CDATA[When User creates new folder in space with id "2572551" and name "Folder name".passed
And Verify that folder is created...........................................passed
And Create list in folder with name "List name".............................passed
And Create 5 tasks..........................................................passed
Then Verify that all necessary tasks are created............................failed

StackTrace:
java.lang.ClassCastException: java.util.HashMap cannot be cast to java.util.List
	at io.restassured.path.json.JsonPath.getList(JsonPath.java:390)
	at helpers.ClickupTaskHelper.getClickupTasks(ClickupTaskHelper.java:22)
	at stepdefinitions.StepDefinition.verifyThatAllNecessaryTasksAreCreated(StepDefinition.java:103)
	at ✽.Verify that all necessary tasks are created(src/test/resources/features/addFolder.feature:32)
]]></failure>
</testcase>
</testsuite>
