<?xml version="1.0" encoding="UTF-8" standalone="no"?>
<testsuite failures="1" name="cucumber.runtime.formatter.JUnitFormatter" skipped="0" tests="4" time="11.988914">
<testcase classname="Folders" name="Add folder" time="3.147132">
<system-out><![CDATA[When User creates new folder in space with id "2572551".....................passed
And Verify that folder is created...........................................passed
Then Delete folder..........................................................passed
]]></system-out>
</testcase>
<testcase classname="Folders" name="Add folder and list" time="1.852614">
<system-out><![CDATA[When User creates new folder in space with id "2572551" and name "New folder name".passed
And Verify that folder is created...........................................passed
And Create list in folder with name "New list name".........................passed
Then Verify that list is created............................................passed
]]></system-out>
</testcase>
<testcase classname="Folders" name="Update space name" time="2.821133">
<system-out><![CDATA[When User updates space with id "2572551" name to "Updated space name"......passed
And User creates new folder with name "My new folder name"..................passed
And Verify that folder is created...........................................passed
And Create list in folder with name "My list name"..........................passed
And Verify that list is created.............................................passed
Then Verify Space Id and Name...............................................passed
]]></system-out>
</testcase>
<testcase classname="Folders" name="Add folder and list" time="4.168035">
<failure message="org.junit.ComparisonFailure: expected:&lt;[5]&gt; but was:&lt;[0]&gt;&#10;&#9;at sun.reflect.NativeConstructorAccessorImpl.newInstance0(Native Method)&#10;&#9;at sun.reflect.NativeConstructorAccessorImpl.newInstance(NativeConstructorAccessorImpl.java:62)&#10;&#9;at sun.reflect.DelegatingConstructorAccessorImpl.newInstance(DelegatingConstructorAccessorImpl.java:45)&#10;&#9;at stepdefinitions.StepDefinition.verifyThatAllNecessaryTasksAreCreated(StepDefinition.java:108)&#10;&#9;at ✽.Verify that all necessary tasks are created(src/test/resources/features/folder.feature:32)&#10;"><![CDATA[When User creates new folder in space with id "2572551" and name "Folder name".passed
And Verify that folder is created...........................................passed
And Create list in folder with name "List name".............................passed
And Create 5 tasks..........................................................passed
Then Verify that all necessary tasks are created............................failed

StackTrace:
org.junit.ComparisonFailure: expected:<[5]> but was:<[0]>
	at sun.reflect.NativeConstructorAccessorImpl.newInstance0(Native Method)
	at sun.reflect.NativeConstructorAccessorImpl.newInstance(NativeConstructorAccessorImpl.java:62)
	at sun.reflect.DelegatingConstructorAccessorImpl.newInstance(DelegatingConstructorAccessorImpl.java:45)
	at stepdefinitions.StepDefinition.verifyThatAllNecessaryTasksAreCreated(StepDefinition.java:108)
	at ✽.Verify that all necessary tasks are created(src/test/resources/features/folder.feature:32)
]]></failure>
</testcase>
</testsuite>
